<?xml version="1.0" encoding="UTF-8"?>
<!-- Generated by org.testng.reporters.JUnitReportReporter -->
<testsuite hostname="DESKTOP-2BP4J25" failures="0" tests="2" name="GetTitleOfPage" time="0.047" errors="0" timestamp="2021-05-11T19:14:35 IST" skipped="0">
  <testcase classname="GetTitleOfPage" name="verifyGooglePage" time="0.035"/>
  <system-out>
Launched application and getting title Printing n1n2 Printing v1v2 verifyGooglePage is executed successfully  </system-out>
  <testcase classname="GetTitleOfPage" name="verifyGooglePage" time="0.012"/>
  <system-out>
Launched application and getting title Printing n1n3 Printing v1v3 verifyGooglePage is executed successfully  </system-out>
</testsuite> <!-- GetTitleOfPage -->
