<?xml version="1.0" encoding="UTF-8"?>
<!-- Generated by org.testng.reporters.JUnitReportReporter -->
<testsuite hostname="DESKTOP-2BP4J25" failures="0" tests="1" name="GetAttributeOfImg" time="0.208" errors="0" timestamp="2021-01-07T12:01:09 IST" skipped="0">
  <testcase classname="GetAttributeOfImg" name="getAttributeOfImage" time="0.208"/>
  <system-out>
Finding element null Found element [[ChromeDriver: chrome on WINDOWS (fca474f501f8b6a7e2ac2b028e72284a)] -> xpath: //img] getAttributeOfImage is executed successfully  </system-out>
</testsuite> <!-- GetAttributeOfImg -->
